 [2012-04-03 00:24:18] Cannot run imagecreatetruecolor() in PK_UtilImage
 [2012-04-03 00:24:18] Cannot run imagealphablending() in PK_UtilImage
 [2012-04-03 00:24:18] Cannot run imagecolorallocatealpha() in PK_UtilImage
 [2012-04-03 00:24:18] Cannot run imagefilledrectangle() in PK_UtilImage
 [2012-04-03 00:24:18] Cannot write image: uploads/test
 [2012-04-03 00:24:18] Cannot run imagecreatetruecolor() in PK_UtilImage
 [2012-04-03 00:24:18] Cannot run imagealphablending() in PK_UtilImage
 [2012-04-03 00:24:18] Cannot run imagecolorallocatealpha() in PK_UtilImage
 [2012-04-03 00:24:18] Cannot run imagefilledrectangle() in PK_UtilImage
 [2012-04-03 00:24:18] Cannot resize image
 [2012-04-03 00:24:18] Cannot write image: uploads/inv_test
 [2012-04-03 00:24:18] Cannot destroy image
 [2012-04-03 00:25:54] Cannot run imagecolorallocatealpha() in PK_UtilImage
 [2012-04-03 00:25:54] Cannot run imagecolorallocatealpha() in PK_UtilImage
 [2012-04-04 00:29:35] Cannot read image file:D:/Projekty/lamps/uploads/crown_0.png
 [2012-04-04 00:29:35] Cannot read image file:D:/Projekty/lamps/uploads/fitting_0.png
 [2012-04-04 00:29:35] Cannot run imagecopy() PK_UtilImage
 [2012-04-04 00:34:10] Cannot read image file:D:/Projekty/lamps/uploads/crown_0.png
 [2012-04-12 07:45:48] Cannot read image file:D:/Projekty/lamps//uploads/user_background_12345678.jpg
 [2012-04-12 07:45:48] Cannot write image: uploads/u12345678_saved
 [2012-04-12 07:45:48] Cannot destroy image
 [2012-04-12 07:46:50] Cannot read image file:D:/Projekty/lamps/uploads/crown_0.png
 [2012-04-12 07:47:11] Cannot read image file:D:/Projekty/lamps/uploads/crown_0.png
 [2012-04-12 07:47:32] Cannot read image file:D:/Projekty/lamps/uploads/crown_0.png
 [2012-04-12 07:47:49] Cannot read image file:D:/Projekty/lamps/uploads/crown_0.png
 [2012-04-12 07:50:34] Cannot write image: uploads/u123456789_i9
 [2012-04-12 07:50:34] Cannot run imagecreatetruecolor() in PK_UtilImage
 [2012-04-12 07:50:34] Cannot run imagealphablending() in PK_UtilImage
 [2012-04-12 07:50:34] Cannot run imagefilledrectangle() in PK_UtilImage
 [2012-04-12 07:50:34] Cannot resize image
 [2012-04-12 07:50:34] Cannot write image: uploads/inv_u123456789_i9
 [2012-04-12 07:50:34] Cannot destroy image
 [2012-04-12 07:55:42] Cannot read image file:D:/Projekty/lamps//uploads/user_background_123456789.jpg
 [2012-04-12 07:55:42] Cannot write image: uploads/u123456789_saved
 [2012-04-12 07:55:42] Cannot destroy image
 [2012-04-12 23:03:57] Cannot read image file:D:/Projekty/lamps//uploads/user_background_12345678910.jpg
 [2012-04-12 23:03:57] Cannot write image: uploads/u12345678910_saved
 [2012-04-12 23:03:57] Cannot destroy image
 [2012-04-12 23:05:46] Cannot read image file:D:/Projekty/lamps//uploads/user_background_12345678910.jpg
 [2012-04-12 23:05:46] Cannot write image: uploads/u12345678910_saved
 [2012-04-12 23:05:46] Cannot destroy image
 [2012-04-14 17:58:11] Cannot read image file:D:/Projekty/lamps/uploads/column_0.png
 [2012-04-14 17:58:11] Cannot read image file:D:/Projekty/lamps/uploads/crown_0.png
 [2012-04-14 17:58:11] Cannot read image file:D:/Projekty/lamps/uploads/fitting_0.png
 [2012-04-14 17:58:11] Cannot run imagecreatetruecolor() in PK_UtilImage
 [2012-04-14 17:58:11] Cannot run imagealphablending() in PK_UtilImage
 [2012-04-14 17:58:11] Cannot run imagefilledrectangle() in PK_UtilImage
 [2012-04-14 17:58:11] Cannot run imagecopy() PK_UtilImage
 [2012-04-14 17:58:11] Cannot run imagecopy() PK_UtilImage
 [2012-04-14 17:58:11] Cannot write image: uploads/u1234567_i45
 [2012-04-14 17:58:11] Cannot run imagecreatetruecolor() in PK_UtilImage
 [2012-04-14 17:58:11] Cannot run imagealphablending() in PK_UtilImage
 [2012-04-14 17:58:11] Cannot run imagefilledrectangle() in PK_UtilImage
 [2012-04-14 17:58:11] Cannot resize image
 [2012-04-14 17:58:11] Cannot write image: uploads/inv_u1234567_i45
 [2012-04-14 17:58:11] Cannot destroy image
 [2012-04-14 19:53:09] Cannot read image file:D:/Projekty/lamps//uploads/user_background_1234567.jpg
 [2012-04-14 19:53:09] Cannot write image: uploads/u1234567_saved
 [2012-04-14 19:53:09] Cannot destroy image
 [2012-04-14 19:53:26] Cannot read image file:D:/Projekty/lamps//uploads/user_background_1234567.jpg
 [2012-04-14 19:53:26] Cannot write image: uploads/u1234567_saved
 [2012-04-14 19:53:26] Cannot destroy image
 [2012-04-14 22:21:56] Cannot read image file:D:/Projekty/lamps//uploads/user_background_1234567.jpg
 [2012-04-14 22:21:56] Cannot write image: uploads/u1234567_saved
 [2012-04-14 22:21:56] Cannot destroy image
 [2012-04-14 22:22:05] Cannot read image file:D:/Projekty/lamps//uploads/user_background_1234567.jpg
 [2012-04-14 22:22:05] Cannot write image: uploads/u1234567_saved
 [2012-04-14 22:22:05] Cannot destroy image
 [2012-04-14 22:22:11] Cannot read image file:D:/Projekty/lamps//uploads/user_background_1234567.jpg
 [2012-04-14 22:22:11] Cannot write image: uploads/u1234567_saved
 [2012-04-14 22:22:11] Cannot destroy image
 [2012-04-14 22:22:17] Cannot read image file:D:/Projekty/lamps//uploads/user_background_1234567.jpg
 [2012-04-14 22:22:17] Cannot write image: uploads/u1234567_saved
 [2012-04-14 22:22:17] Cannot destroy image
 [2012-04-14 22:22:27] Cannot read image file:D:/Projekty/lamps//uploads/user_background_1234567.jpg
 [2012-04-14 22:22:27] Cannot write image: uploads/u1234567_saved
 [2012-04-14 22:22:27] Cannot destroy image
 [2012-04-16 22:48:42] Cannot read image file:D:/Projekty/lamps//uploads/user_background_1234567.jpg
 [2012-04-16 22:48:42] Cannot write image: uploads/u1234567_saved
 [2012-04-16 22:48:42] Cannot destroy image
 [2012-04-16 22:50:13] Cannot read image file:D:/Projekty/lamps//uploads/user_background_1234567.jpg
 [2012-04-16 22:50:13] Cannot write image: uploads/u1234567_saved
 [2012-04-16 22:50:13] Cannot destroy image
 [2012-04-16 23:01:01] Cannot read image file:D:/Projekty/lamps//uploads/user_background_1234567.jpg
 [2012-04-16 23:01:01] Cannot write image: uploads/u1234567_saved
 [2012-04-16 23:01:01] Cannot destroy image
 [2012-04-16 23:10:30] Cannot read image file:D:/Projekty/lamps//uploads/user_background_1234567.jpg
 [2012-04-16 23:10:30] Cannot write image: uploads/u1234567_saved
 [2012-04-16 23:10:30] Cannot destroy image
 [2012-04-16 23:14:27] Cannot read image file:D:/Projekty/lamps//uploads/user_background_1234567.jpg
 [2012-04-16 23:14:27] Cannot write image: uploads/u1234567_saved
 [2012-04-16 23:14:27] Cannot destroy image
